[2019-07-23 12:30:32,737][MainThread:1124][task_id:name][user.py:25][INFO][用户ylj注册成功]
[2019-07-23 14:31:22,319][MainThread:2900][task_id:name][user.py:35][INFO][用户ylj登陆成功！]
[2019-07-23 14:37:50,368][MainThread:11184][task_id:name][user.py:35][INFO][用户ylj登陆成功！]
[2019-07-23 14:38:10,844][MainThread:11184][task_id:name][user.py:45][INFO][用户ylj查看了余额]
[2019-07-23 14:38:42,630][MainThread:3876][task_id:name][user.py:35][INFO][用户ylj登陆成功！]
[2019-07-23 14:38:48,055][MainThread:3876][task_id:name][user.py:45][INFO][用户ylj查看了余额]
[2019-07-23 14:39:53,471][MainThread:8880][task_id:name][user.py:35][INFO][用户ylj登陆成功！]
[2019-07-23 14:39:59,117][MainThread:8880][task_id:name][user.py:45][INFO][用户ylj查看了余额]
[2019-07-23 14:51:25,234][MainThread:9252][task_id:name][user.py:35][INFO][用户ylj登陆成功！]
[2019-07-23 14:51:34,457][MainThread:9252][task_id:name][bank.py:15][INFO][用户ylj提现100元成功！]
[2019-07-23 14:58:27,268][MainThread:10684][task_id:name][user.py:35][INFO][用户ylj登陆成功！]
[2019-07-23 14:58:31,921][MainThread:10684][task_id:name][bank.py:26][INFO][用户ylj还款100元成功！]
[2019-07-23 14:58:50,828][MainThread:9152][task_id:name][user.py:35][INFO][用户ylj登陆成功！]
[2019-07-23 14:58:54,325][MainThread:9152][task_id:name][bank.py:26][INFO][用户ylj还款100元成功！]
[2019-07-23 14:59:01,581][MainThread:9152][task_id:name][user.py:45][INFO][用户ylj查看了余额]
[2019-07-23 15:10:32,933][MainThread:9432][task_id:name][user.py:35][INFO][用户ylj登陆成功！]
[2019-07-23 15:11:05,502][MainThread:6736][task_id:name][user.py:25][INFO][用户tank注册成功]
[2019-07-23 15:11:23,310][MainThread:6736][task_id:name][user.py:35][INFO][用户ylj登陆成功！]
[2019-07-23 15:11:46,906][MainThread:12000][task_id:name][user.py:35][INFO][用户ylj登陆成功！]
[2019-07-23 15:11:56,156][MainThread:12000][task_id:name][bank.py:43][INFO][用户ylj转账100元给了用户tank]
[2019-07-23 15:11:56,156][MainThread:12000][task_id:name][bank.py:44][INFO][用户tank接收到了用户ylj的转账100元]
[2019-07-23 15:17:57,191][MainThread:6312][task_id:name][user.py:35][INFO][用户ylj登陆成功！]
[2019-07-23 15:23:56,227][MainThread:6228][task_id:name][user.py:35][INFO][用户ylj登陆成功！]
[2019-07-23 15:24:45,233][MainThread:8720][task_id:name][user.py:35][INFO][用户ylj登陆成功！]
[2019-07-23 15:25:52,533][MainThread:11556][task_id:name][user.py:35][INFO][用户ylj登陆成功！]
[2019-07-23 15:29:41,635][MainThread:2256][task_id:name][user.py:35][INFO][用户ylj登陆成功！]
[2019-07-23 15:29:43,421][MainThread:2256][task_id:name][user.py:54][INFO][用户ylj已注销]
[2019-07-23 16:19:31,287][MainThread:11160][task_id:name][user.py:35][INFO][用户ylj登陆成功！]
[2019-07-23 16:19:33,446][MainThread:11160][task_id:name][user.py:45][INFO][用户ylj查看了余额]
[2019-07-23 16:19:39,100][MainThread:11160][task_id:name][user.py:45][INFO][用户ylj查看了余额]
[2019-07-23 16:19:45,909][MainThread:11160][task_id:bank][bank.py:67][INFO][用户ylj支付成功0元]
[2019-07-23 16:19:45,910][MainThread:11160][task_id:shop][shop.py:11][INFO][用户ylj购买成功！]
[2019-07-23 16:23:29,972][MainThread:8240][task_id:name][user.py:35][INFO][用户ylj登陆成功！]
[2019-07-23 16:23:33,065][MainThread:8240][task_id:name][user.py:45][INFO][用户ylj查看了余额]
[2019-07-23 16:24:46,902][MainThread:8240][task_id:name][user.py:45][INFO][用户ylj查看了余额]
[2019-07-23 16:24:54,667][MainThread:8240][task_id:bank][bank.py:68][INFO][用户ylj支付成功0元]
[2019-07-23 16:24:54,667][MainThread:8240][task_id:shop][shop.py:11][INFO][用户ylj购买成功！]
[2019-07-23 16:31:05,897][MainThread:10812][task_id:name][user.py:35][INFO][用户ylj登陆成功！]
[2019-07-23 16:31:07,689][MainThread:10812][task_id:shop][shop.py:41][INFO][用户{name}查看了购物车]
[2019-07-23 16:31:26,536][MainThread:10812][task_id:name][user.py:45][INFO][用户ylj查看了余额]
[2019-07-23 16:31:32,692][MainThread:10812][task_id:name][user.py:45][INFO][用户ylj查看了余额]
[2019-07-23 16:31:42,276][MainThread:10812][task_id:bank][bank.py:68][INFO][用户ylj支付成功0元]
[2019-07-23 16:31:42,277][MainThread:10812][task_id:shop][shop.py:11][INFO][用户ylj购买成功！]
[2019-07-23 16:32:18,867][MainThread:10812][task_id:bank][bank.py:56][INFO][用户ylj查看的了流水]
[2019-07-23 16:36:47,394][MainThread:12148][task_id:name][user.py:35][INFO][用户ylj登陆成功！]
[2019-07-23 16:36:49,257][MainThread:12148][task_id:name][user.py:45][INFO][用户ylj查看了余额]
[2019-07-23 16:36:57,189][MainThread:12148][task_id:bank][bank.py:68][INFO][用户ylj支付成功80元]
[2019-07-23 16:36:57,189][MainThread:12148][task_id:shop][shop.py:11][INFO][用户ylj购买成功！]
[2019-07-23 16:37:03,337][MainThread:12148][task_id:name][user.py:45][INFO][用户ylj查看了余额]
[2019-07-23 16:37:43,561][MainThread:112][task_id:name][user.py:35][INFO][用户ylj登陆成功！]
[2019-07-23 16:37:51,531][MainThread:112][task_id:name][user.py:45][INFO][用户ylj查看了余额]
[2019-07-23 16:37:56,248][MainThread:112][task_id:shop][shop.py:35][INFO][用户ylj添加商品成功！]
[2019-07-23 16:38:02,795][MainThread:112][task_id:shop][shop.py:41][INFO][用户{name}查看了购物车]
[2019-07-23 16:58:52,128][MainThread:6228][task_id:name][user.py:35][INFO][用户ylj登陆成功！]
[2019-07-23 16:58:57,958][MainThread:6228][task_id:admin][admin.py:12][INFO][用户tank已冻结！]
[2019-07-23 16:59:02,578][MainThread:6228][task_id:admin][admin.py:22][INFO][用户tank已解冻！]
[2019-07-23 16:59:26,398][MainThread:6228][task_id:admin][admin.py:32][INFO][用户{name}额度修改为{limit}元]
[2019-07-23 17:02:45,245][MainThread:4820][task_id:name][user.py:35][INFO][用户ylj登陆成功！]
[2019-07-23 17:02:58,573][MainThread:4820][task_id:admin][admin.py:32][INFO][用户tank额度修改为100元]
[2019-07-23 17:13:38,078][MainThread:11528][task_id:name][user.py:38][INFO][用户ylj登陆成功！]
[2019-07-23 17:13:45,707][MainThread:11528][task_id:admin][admin.py:12][INFO][用户tank已冻结！]
[2019-07-23 17:13:55,536][MainThread:11528][task_id:name][user.py:38][INFO][用户tank登陆成功！]
[2019-07-23 17:15:14,163][MainThread:3948][task_id:name][user.py:38][INFO][用户ylj登陆成功！]
[2019-07-23 17:15:20,532][MainThread:3948][task_id:admin][admin.py:12][INFO][用户tank已冻结！]
[2019-07-23 17:15:28,332][MainThread:3948][task_id:name][user.py:33][INFO][用户[tank]已被冻结,请联系管理员!]
[2019-07-23 21:16:17,409][MainThread:12716][task_id:name][user.py:38][INFO][用户ylj登陆成功！]
[2019-07-23 21:16:25,076][MainThread:12716][task_id:admin][admin.py:12][INFO][用户tank已冻结！]
[2019-07-23 21:16:28,675][MainThread:12716][task_id:admin][admin.py:23][INFO][用户tank已解冻！]
[2019-07-23 21:36:59,916][MainThread:8432][task_id:name][user.py:38][INFO][用户ylj登陆成功！]
[2019-07-23 21:37:12,625][MainThread:8432][task_id:name][user.py:38][INFO][用户tank登陆成功！]
[2019-07-23 21:40:49,096][MainThread:11072][task_id:name][user.py:38][INFO][用户ylj登陆成功！]
[2019-07-23 21:40:58,319][MainThread:11072][task_id:name][user.py:38][INFO][用户tank登陆成功！]
[2019-07-23 21:41:19,421][MainThread:11072][task_id:name][user.py:38][INFO][用户ylj登陆成功！]
[2019-07-23 22:01:12,571][MainThread:11940][task_id:name][user.py:38][INFO][用户ylj登陆成功！]
[2019-07-23 22:01:28,968][MainThread:11940][task_id:admin][admin.py:12][INFO][用户tank已冻结！]
[2019-07-23 22:01:38,573][MainThread:11940][task_id:admin][admin.py:23][INFO][用户tank已解冻！]
[2019-07-23 22:01:48,603][MainThread:11940][task_id:admin][admin.py:34][INFO][用户tank额度修改为1000元]
[2019-07-23 22:02:00,097][MainThread:11940][task_id:name][user.py:38][INFO][用户tank登陆成功！]
[2019-07-23 22:02:01,370][MainThread:11940][task_id:name][user.py:48][INFO][用户tank查看了余额]
[2019-07-23 22:02:07,198][MainThread:11940][task_id:bank][bank.py:56][INFO][用户tank查看的了流水]
[2019-07-23 22:03:30,022][MainThread:11940][task_id:shop][shop.py:41][INFO][用户tank查看了购物车]
[2019-07-23 22:03:36,940][MainThread:11940][task_id:name][user.py:38][INFO][用户ylj登陆成功！]
[2019-07-23 22:03:38,814][MainThread:11940][task_id:shop][shop.py:41][INFO][用户ylj查看了购物车]
[2019-07-23 22:03:52,513][MainThread:11940][task_id:name][user.py:48][INFO][用户ylj查看了余额]
[2019-07-23 22:04:02,023][MainThread:11940][task_id:bank][bank.py:68][INFO][用户ylj支付成功15元]
[2019-07-23 22:04:02,023][MainThread:11940][task_id:shop][shop.py:11][INFO][用户ylj购买成功！]
